-- Found ament_cmake: 1.3.10 (/opt/ros/humble/share/ament_cmake/cmake)
-- Override CMake install command with custom implementation using symlinks instead of copying resources
-- Found rclpy: 3.3.14 (/opt/ros/humble/share/rclpy/cmake)
-- Found rosidl_default_generators: 1.2.0 (/opt/ros/humble/share/rosidl_default_generators/cmake)
-- Using all available rosidl_typesupport_c: rosidl_typesupport_fastrtps_c;rosidl_typesupport_introspection_c
-- Found rosidl_adapter: 3.1.5 (/opt/ros/humble/share/rosidl_adapter/cmake)
-- Using all available rosidl_typesupport_cpp: rosidl_typesupport_fastrtps_cpp;rosidl_typesupport_introspection_cpp
-- Found sensor_msgs: 4.2.4 (/opt/ros/humble/share/sensor_msgs/cmake)
-- Found ament_cmake_ros: 0.10.0 (/opt/ros/humble/share/ament_cmake_ros/cmake)
-- Using all available rosidl_typesupport_c: rosidl_typesupport_fastrtps_c;rosidl_typesupport_introspection_c
-- Using all available rosidl_typesupport_cpp: rosidl_typesupport_fastrtps_cpp;rosidl_typesupport_introspection_cpp
-- Found PythonInterp: /usr/bin/python3 (found suitable version "3.10.12", minimum required is "3.6") 
-- Found python_cmake_module: 0.10.0 (/opt/ros/humble/share/python_cmake_module/cmake)
-- Found PythonLibs: /usr/lib/x86_64-linux-gnu/libpython3.10.so (found suitable version "3.10.12", minimum required is "3.5") 
-- Using PYTHON_EXECUTABLE: /usr/bin/python3
-- Using PYTHON_INCLUDE_DIRS: /usr/include/python3.10
-- Using PYTHON_LIBRARIES: /usr/lib/x86_64-linux-gnu/libpython3.10.so
-- Found PythonExtra: .so  
-- Found ament_lint_auto: 0.12.11 (/opt/ros/humble/share/ament_lint_auto/cmake)
-- Added test 'flake8' to check Python code syntax and style conventions
-- Added test 'lint_cmake' to check CMake code style
-- Added test 'pep257' to check Python code against some of the docstring style conventions in PEP 257
-- Added test 'xmllint' to check XML markup files
-- Configuring done
-- Generating done
-- Build files have been written to: /home/abdo/Gazebo-Session/DEPI_competition/build/simple_bot
[  3%] [34m[1mGenerating C code for ROS interfaces[0m
[  6%] [34m[1mGenerating C++ code for ROS interfaces[0m
[  6%] Built target ament_cmake_python_symlink_simple_bot
running egg_info
creating simple_bot.egg-info
[  6%] Built target simple_bot__cpp
writing simple_bot.egg-info/PKG-INFO
writing dependency_links to simple_bot.egg-info/dependency_links.txt
writing top-level names to simple_bot.egg-info/top_level.txt
writing manifest file 'simple_bot.egg-info/SOURCES.txt'
[  9%] [34m[1mGenerating C++ introspection for ROS interfaces[0m
[ 12%] [34m[1mGenerating C++ type support dispatch for ROS interfaces[0m
[ 16%] [34m[1mGenerating C++ type support for eProsima Fast-RTPS[0m
[ 19%] [32mBuilding C object CMakeFiles/simple_bot__rosidl_generator_c.dir/rosidl_generator_c/simple_bot/msg/detail/objects_detected__functions.c.o[0m
reading manifest file 'simple_bot.egg-info/SOURCES.txt'
Traceback (most recent call last):
  File "/home/abdo/Gazebo-Session/DEPI_competition/build/simple_bot/ament_cmake_python/simple_bot/setup.py", line 4, in <module>
    setup(
  File "/home/abdo/.local/lib/python3.10/site-packages/setuptools/__init__.py", line 117, in setup
    return distutils.core.setup(**attrs)
  File "/home/abdo/.local/lib/python3.10/site-packages/setuptools/_distutils/core.py", line 183, in setup
    return run_commands(dist)
  File "/home/abdo/.local/lib/python3.10/site-packages/setuptools/_distutils/core.py", line 199, in run_commands
    dist.run_commands()
  File "/home/abdo/.local/lib/python3.10/site-packages/setuptools/_distutils/dist.py", line 954, in run_commands
    self.run_command(cmd)
  File "/home/abdo/.local/lib/python3.10/site-packages/setuptools/dist.py", line 950, in run_command
    super().run_command(command)
  File "/home/abdo/.local/lib/python3.10/site-packages/setuptools/_distutils/dist.py", line 973, in run_command
    cmd_obj.run()
  File "/home/abdo/.local/lib/python3.10/site-packages/setuptools/command/egg_info.py", line 311, in run
    self.find_sources()
  File "/home/abdo/.local/lib/python3.10/site-packages/setuptools/command/egg_info.py", line 319, in find_sources
    mm.run()
  File "/home/abdo/.local/lib/python3.10/site-packages/setuptools/command/egg_info.py", line 545, in run
    self.prune_file_list()
  File "/home/abdo/.local/lib/python3.10/site-packages/setuptools/command/sdist.py", line 161, in prune_file_list
    super().prune_file_list()
  File "/home/abdo/.local/lib/python3.10/site-packages/setuptools/_distutils/command/sdist.py", line 380, in prune_file_list
    base_dir = self.distribution.get_fullname()
  File "/home/abdo/.local/lib/python3.10/site-packages/setuptools/_core_metadata.py", line 267, in get_fullname
    return _distribution_fullname(self.get_name(), self.get_version())
  File "/home/abdo/.local/lib/python3.10/site-packages/setuptools/_core_metadata.py", line 285, in _distribution_fullname
    canonicalize_version(version, strip_trailing_zero=False),
TypeError: canonicalize_version() got an unexpected keyword argument 'strip_trailing_zero'
[ 22%] [32m[1mLinking C shared library libsimple_bot__rosidl_generator_c.so[0m
gmake[2]: *** [CMakeFiles/ament_cmake_python_build_simple_bot_egg.dir/build.make:70: CMakeFiles/ament_cmake_python_build_simple_bot_egg] Error 1
gmake[1]: *** [CMakeFiles/Makefile2:447: CMakeFiles/ament_cmake_python_build_simple_bot_egg.dir/all] Error 2
gmake[1]: *** Waiting for unfinished jobs....
[ 22%] Built target simple_bot__rosidl_generator_c
[ 25%] [32mBuilding CXX object CMakeFiles/simple_bot__rosidl_typesupport_cpp.dir/rosidl_typesupport_cpp/simple_bot/msg/objects_detected__type_support.cpp.o[0m
[ 29%] [32mBuilding CXX object CMakeFiles/simple_bot__rosidl_typesupport_introspection_cpp.dir/rosidl_typesupport_introspection_cpp/simple_bot/msg/detail/objects_detected__type_support.cpp.o[0m
[ 32%] [32mBuilding CXX object CMakeFiles/simple_bot__rosidl_typesupport_fastrtps_cpp.dir/rosidl_typesupport_fastrtps_cpp/simple_bot/msg/detail/dds_fastrtps/objects_detected__type_support.cpp.o[0m
[ 35%] [32m[1mLinking CXX shared library libsimple_bot__rosidl_typesupport_cpp.so[0m
[ 35%] Built target simple_bot__rosidl_typesupport_cpp
[ 38%] [32m[1mLinking CXX shared library libsimple_bot__rosidl_typesupport_introspection_cpp.so[0m
[ 41%] [32m[1mLinking CXX shared library libsimple_bot__rosidl_typesupport_fastrtps_cpp.so[0m
[ 41%] Built target simple_bot__rosidl_typesupport_introspection_cpp
[ 41%] Built target simple_bot__rosidl_typesupport_fastrtps_cpp
gmake: *** [Makefile:146: all] Error 2
